#
# A fatal error has been detected by the Java Runtime Environment:
#
#  SIGBUS (0x7) at pc=0x00007f33db544a2e, pid=3539, tid=139860651681536
#
# JRE version: Java(TM) SE Runtime Environment (8.0_45-b14) (build 1.8.0_45-b14)
# Java VM: Java HotSpot(TM) 64-Bit Server VM (25.45-b02 mixed mode linux-amd64 compressed oops)
# Problematic frame:
# C  [libc.so.6+0x15ea2e]
#
# Failed to write core dump. Core dumps have been disabled. To enable core dumping, try "ulimit -c unlimited" before starting Java again
#
# If you would like to submit a bug report, please visit:
#   http://bugreport.java.com/bugreport/crash.jsp
#

---------------  T H R E A D  ---------------

Current thread (0x00007f33d4023000):  GCTaskThread [stack: 0x00007f33d8662000,0x00007f33d8763000] [id=3545]

siginfo: si_signo: 7 (SIGBUS), si_code: 2 (BUS_ADRERR), si_addr: 0x00000000ff9d7d40

Registers:
RAX=0x00000000ff9cff30, RBX=0x00000000ff9cff30, RCX=0x0000000000010000, RDX=0x0000000000007da0
RSP=0x00007f33d8761b18, RBP=0x00007f33d8761b90, RSI=0x00000000f17f53b8, RDI=0x00000000ff9d7d50
R8 =0x00000000ff9d7d40, R9 =0x00007f33db544a20, R10=0x00007f33db3ac259, R11=0x00007f33db57d4b0
R12=0x00000000f17ed598, R13=0x0000000000000001, R14=0x0000000000000000, R15=0x0000000000000fc4
RIP=0x00007f33db544a2e, EFLAGS=0x0000000000010203, CSGSFS=0x0000000000000033, ERR=0x0000000000000006
  TRAPNO=0x000000000000000e

Top of Stack: (sp=0x00007f33d8761b18)
0x00007f33d8761b18:   00007f33dad950c1 0000000000000018
0x00007f33d8761b28:   00007f33db3ac259 0000000007bb0000
0x00007f33d8761b38:   00007f33d40754c0 00000000ff57d685
0x00007f33d8761b48:   00007f33dad8bd89 00000000ff9a82f0
0x00007f33d8761b58:   0000000000001000 00000000001eec00
0x00007f33d8761b68:   00000000ff9a9a34 00007f33d40754c0
0x00007f33d8761b78:   00007f33db38e3a0 0000000000000000
0x00007f33d8761b88:   00007f33d4075528 00007f33d8761c80
0x00007f33d8761b98:   00007f33dad948a0 00007f33d8761c00
0x00007f33d8761ba8:   00007f33d8761c10 00007f33d8761c20
0x00007f33d8761bb8:   00007f33d8761be0 00007f33d8761bf0
0x00007f33d8761bc8:   00007f33d8761c40 00000000c24f719c
0x00007f33d8761bd8:   00007f33d4075558 00000000c0b9dfa8
0x00007f33d8761be8:   00007f33d40754c0 00007f33d401acf0
0x00007f33d8761bf8:   00007f33d8ac0d01 00007f33d8761c80
0x00007f33d8761c08:   00007f33daa69bcf 0000000100005d28
0x00007f33d8761c18:   00007f33db3bb8d0 00007f33d8761c80
0x00007f33d8761c28:   00007f33daa58b70 00000000c0b9dfa1
0x00007f33d8761c38:   00007f33db3bb8d0 00000000ff9a9a35
0x00007f33d8761c48:   00007f33d4075520 0000000000000000
0x00007f33d8761c58:   00000000c0b9e018 00000000c0b9e000
0x00007f33d8761c68:   00007f33d8ac0cf0 00007f33d401acf0
0x00007f33d8761c78:   00007f33d8ac0d01 00007f33d8761d40
0x00007f33d8761c88:   00007f33da816c4e 00007f33d401eb80
0x00007f33d8761c98:   00007f33d8ac0d00 00007f33d8ac0c81
0x00007f33d8761ca8:   00007f33db3ac259 00007f33d40754c0
0x00007f33d8761cb8:   00000000c2d83138 00007f33d401aa30
0x00007f33d8761cc8:   00007f33d8ad1c19 00000000c0b9c290
0x00007f33d8761cd8:   0000000000000200 00000000c0ba00b8
0x00007f33d8761ce8:   00007f33d8ac0cef 0000000000000240
0x00007f33d8761cf8:   00007f33d8ac0e00 00007f33d8ac0e80
0x00007f33d8761d08:   00007f33d8ac0cf0 00007f33d8ac0cef 

Instructions: (pc=0x00007f33db544a2e)
0x00007f33db544a0e:   63 14 93 49 8d 14 13 ff e2 0f 0b 0f 1f 80 00 00
0x00007f33db544a1e:   00 00 0f 28 4e f8 0f 28 56 e8 66 0f 3a 0f ca 08
0x00007f33db544a2e:   0f 29 4f f0 0f 28 5e d8 66 0f 3a 0f d3 08 0f 29
0x00007f33db544a3e:   57 e0 0f 28 66 c8 66 0f 3a 0f dc 08 0f 29 5f d0 

Register to memory mapping:

RAX=0x00000000ff9cff30 is an oop
